# JRE version: Java(TM) SE Runtime Environment (8.0) (build 1.8.0_391-b13)
# Java VM: Java HotSpot(TM) Client VM (25.391-b13 mixed mode, sharing windows-x86 )
Heap:
 def new generation   total 4928K, used 698K [0x05000000, 0x05550000, 0x0a550000)
  eden space 4416K,  13% used [0x05000000, 0x05097330, 0x05450000)
  from space 512K,  18% used [0x054d0000, 0x054e7770, 0x05550000)
  to   space 512K,   0% used [0x05450000, 0x05450000, 0x054d0000)
 tenured generation   total 10944K, used 5299K [0x0a550000, 0x0b000000, 0x15000000)
   the space 10944K,  48% used [0x0a550000, 0x0aa7cd58, 0x0aa7ce00, 0x0b000000)
 Metaspace       used 3121K, capacity 5051K, committed 5120K, reserved 5504K
GC Heap History (10 events):
Event: 14.000 GC heap before
{Heap before GC invocations=26 (full 0):
 def new generation   total 4928K, used 4506K [0x05000000, 0x05550000, 0x0a550000)
  eden space 4416K, 100% used [0x05000000, 0x05450000, 0x05450000)
  from space 512K,  17% used [0x05450000, 0x054669e8, 0x054d0000)
  to   space 512K,   0% used [0x054d0000, 0x054d0000, 0x05550000)
 tenured generation   total 10944K, used 5299K [0x0a550000, 0x0b000000, 0x15000000)
   the space 10944K,  48% used [0x0a550000, 0x0aa7cd58, 0x0aa7ce00, 0x0b000000)
 Metaspace       used 3121K, capacity 5051K, committed 5120K, reserved 5504K
Event: 14.004 GC heap after
Heap after GC invocations=27 (full 0):
 def new generation   total 4928K, used 93K [0x05000000, 0x05550000, 0x0a550000)
  eden space 4416K,   0% used [0x05000000, 0x05000000, 0x05450000)
  from space 512K,  18% used [0x054d0000, 0x054e7500, 0x05550000)
  to   space 512K,   0% used [0x05450000, 0x05450000, 0x054d0000)
 tenured generation   total 10944K, used 5299K [0x0a550000, 0x0b000000, 0x15000000)
   the space 10944K,  48% used [0x0a550000, 0x0aa7cd58, 0x0aa7ce00, 0x0b000000)
 Metaspace       used 3121K, capacity 5051K, committed 5120K, reserved 5504K
}
Event: 20.853 GC heap before
{Heap before GC invocations=27 (full 0):
 def new generation   total 4928K, used 4509K [0x05000000, 0x05550000, 0x0a550000)
  eden space 4416K, 100% used [0x05000000, 0x05450000, 0x05450000)
  from space 512K,  18% used [0x054d0000, 0x054e7500, 0x05550000)
  to   space 512K,   0% used [0x05450000, 0x05450000, 0x054d0000)
 tenured generation   total 10944K, used 5299K [0x0a550000, 0x0b000000, 0x15000000)
   the space 10944K,  48% used [0x0a550000, 0x0aa7cd58, 0x0aa7ce00, 0x0b000000)
 Metaspace       used 3121K, capacity 5051K, committed 5120K, reserved 5504K
Event: 20.854 GC heap after
Heap after GC invocations=28 (full 0):
 def new generation   total 4928K, used 93K [0x05000000, 0x05550000, 0x0a550000)
  eden space 4416K,   0% used [0x05000000, 0x05000000, 0x05450000)
  from space 512K,  18% used [0x05450000, 0x05467768, 0x054d0000)
  to   space 512K,   0% used [0x054d0000, 0x054d0000, 0x05550000)
 tenured generation   total 10944K, used 5299K [0x0a550000, 0x0b000000, 0x15000000)
   the space 10944K,  48% used [0x0a550000, 0x0aa7cd58, 0x0aa7ce00, 0x0b000000)
 Metaspace       used 3121K, capacity 5051K, committed 5120K, reserved 5504K
}
Event: 25.548 GC heap before
{Heap before GC invocations=28 (full 0):
 def new generation   total 4928K, used 4509K [0x05000000, 0x05550000, 0x0a550000)
  eden space 4416K, 100% used [0x05000000, 0x05450000, 0x05450000)
  from space 512K,  18% used [0x05450000, 0x05467768, 0x054d0000)
  to   space 512K,   0% used [0x054d0000, 0x054d0000, 0x05550000)
 tenured generation   total 10944K, used 5299K [0x0a550000, 0x0b000000, 0x15000000)
   the space 10944K,  48% used [0x0a550000, 0x0aa7cd58, 0x0aa7ce00, 0x0b000000)
 Metaspace       used 3121K, capacity 5051K, committed 5120K, reserved 5504K
Event: 25.554 GC heap after
Heap after GC invocations=29 (full 0):
 def new generation   total 4928K, used 93K [0x05000000, 0x05550000, 0x0a550000)
  eden space 4416K,   0% used [0x05000000, 0x05000000, 0x05450000)
  from space 512K,  18% used [0x054d0000, 0x054e7758, 0x05550000)
  to   space 512K,   0% used [0x05450000, 0x05450000, 0x054d0000)
 tenured generation   total 10944K, used 5299K [0x0a550000, 0x0b000000, 0x15000000)
   the space 10944K,  48% used [0x0a550000, 0x0aa7cd58, 0x0aa7ce00, 0x0b000000)
 Metaspace       used 3121K, capacity 5051K, committed 5120K, reserved 5504K
}
Event: 30.121 GC heap before
{Heap before GC invocations=29 (full 0):
 def new generation   total 4928K, used 4509K [0x05000000, 0x05550000, 0x0a550000)
  eden space 4416K, 100% used [0x05000000, 0x05450000, 0x05450000)
  from space 512K,  18% used [0x054d0000, 0x054e7758, 0x05550000)
  to   space 512K,   0% used [0x05450000, 0x05450000, 0x054d0000)
 tenured generation   total 10944K, used 5299K [0x0a550000, 0x0b000000, 0x15000000)
   the space 10944K,  48% used [0x0a550000, 0x0aa7cd58, 0x0aa7ce00, 0x0b000000)
 Metaspace       used 3121K, capacity 5051K, committed 5120K, reserved 5504K
Event: 30.122 GC heap after
Heap after GC invocations=30 (full 0):
 def new generation   total 4928K, used 93K [0x05000000, 0x05550000, 0x0a550000)
  eden space 4416K,   0% used [0x05000000, 0x05000000, 0x05450000)
  from space 512K,  18% used [0x05450000, 0x054675e8, 0x054d0000)
  to   space 512K,   0% used [0x054d0000, 0x054d0000, 0x05550000)
 tenured generation   total 10944K, used 5299K [0x0a550000, 0x0b000000, 0x15000000)
   the space 10944K,  48% used [0x0a550000, 0x0aa7cd58, 0x0aa7ce00, 0x0b000000)
 Metaspace       used 3121K, capacity 5051K, committed 5120K, reserved 5504K
}
Event: 36.698 GC heap before
{Heap before GC invocations=30 (full 0):
 def new generation   total 4928K, used 4509K [0x05000000, 0x05550000, 0x0a550000)
  eden space 4416K, 100% used [0x05000000, 0x05450000, 0x05450000)
  from space 512K,  18% used [0x05450000, 0x054675e8, 0x054d0000)
  to   space 512K,   0% used [0x054d0000, 0x054d0000, 0x05550000)
 tenured generation   total 10944K, used 5299K [0x0a550000, 0x0b000000, 0x15000000)
   the space 10944K,  48% used [0x0a550000, 0x0aa7cd58, 0x0aa7ce00, 0x0b000000)
 Metaspace       used 3121K, capacity 5051K, committed 5120K, reserved 5504K
Event: 36.698 GC heap after
Heap after GC invocations=31 (full 0):
 def new generation   total 4928K, used 93K [0x05000000, 0x05550000, 0x0a550000)
  eden space 4416K,   0% used [0x05000000, 0x05000000, 0x05450000)
  from space 512K,  18% used [0x054d0000, 0x054e7770, 0x05550000)
  to   space 512K,   0% used [0x05450000, 0x05450000, 0x054d0000)
 tenured generation   total 10944K, used 5299K [0x0a550000, 0x0b000000, 0x15000000)
   the space 10944K,  48% used [0x0a550000, 0x0aa7cd58, 0x0aa7ce00, 0x0b000000)
 Metaspace       used 3121K, capacity 5051K, committed 5120K, reserved 5504K
}

