# JRE version: Java(TM) SE Runtime Environment (8.0) (build 1.8.0_391-b13)
# Java VM: Java HotSpot(TM) Client VM (25.391-b13 mixed mode, sharing windows-x86 )
Heap:
 def new generation   total 4992K, used 2006K [0x05200000, 0x05760000, 0x0a750000)
  eden space 4480K,  40% used [0x05200000, 0x053c5c80, 0x05660000)
  from space 512K,  37% used [0x056e0000, 0x0570fc98, 0x05760000)
  to   space 512K,   0% used [0x05660000, 0x05660000, 0x056e0000)
 tenured generation   total 10944K, used 5307K [0x0a750000, 0x0b200000, 0x15200000)
   the space 10944K,  48% used [0x0a750000, 0x0ac7ecf0, 0x0ac7ee00, 0x0b200000)
 Metaspace       used 3122K, capacity 5051K, committed 5120K, reserved 5504K
GC Heap History (10 events):
Event: 25.373 GC heap before
{Heap before GC invocations=28 (full 0):
 def new generation   total 4992K, used 4555K [0x05200000, 0x05760000, 0x0a750000)
  eden space 4480K, 100% used [0x05200000, 0x05660000, 0x05660000)
  from space 512K,  14% used [0x05660000, 0x05672e20, 0x056e0000)
  to   space 512K,   0% used [0x056e0000, 0x056e0000, 0x05760000)
 tenured generation   total 10944K, used 5307K [0x0a750000, 0x0b200000, 0x15200000)
   the space 10944K,  48% used [0x0a750000, 0x0ac7ecf0, 0x0ac7ee00, 0x0b200000)
 Metaspace       used 3116K, capacity 5051K, committed 5120K, reserved 5504K
Event: 25.374 GC heap after
Heap after GC invocations=29 (full 0):
 def new generation   total 4992K, used 76K [0x05200000, 0x05760000, 0x0a750000)
  eden space 4480K,   0% used [0x05200000, 0x05200000, 0x05660000)
  from space 512K,  15% used [0x056e0000, 0x056f33e8, 0x05760000)
  to   space 512K,   0% used [0x05660000, 0x05660000, 0x056e0000)
 tenured generation   total 10944K, used 5307K [0x0a750000, 0x0b200000, 0x15200000)
   the space 10944K,  48% used [0x0a750000, 0x0ac7ecf0, 0x0ac7ee00, 0x0b200000)
 Metaspace       used 3116K, capacity 5051K, committed 5120K, reserved 5504K
}
Event: 34.630 GC heap before
{Heap before GC invocations=29 (full 0):
 def new generation   total 4992K, used 4556K [0x05200000, 0x05760000, 0x0a750000)
  eden space 4480K, 100% used [0x05200000, 0x05660000, 0x05660000)
  from space 512K,  15% used [0x056e0000, 0x056f33e8, 0x05760000)
  to   space 512K,   0% used [0x05660000, 0x05660000, 0x056e0000)
 tenured generation   total 10944K, used 5307K [0x0a750000, 0x0b200000, 0x15200000)
   the space 10944K,  48% used [0x0a750000, 0x0ac7ecf0, 0x0ac7ee00, 0x0b200000)
 Metaspace       used 3117K, capacity 5051K, committed 5120K, reserved 5504K
Event: 34.632 GC heap after
Heap after GC invocations=30 (full 0):
 def new generation   total 4992K, used 79K [0x05200000, 0x05760000, 0x0a750000)
  eden space 4480K,   0% used [0x05200000, 0x05200000, 0x05660000)
  from space 512K,  15% used [0x05660000, 0x05673d78, 0x056e0000)
  to   space 512K,   0% used [0x056e0000, 0x056e0000, 0x05760000)
 tenured generation   total 10944K, used 5307K [0x0a750000, 0x0b200000, 0x15200000)
   the space 10944K,  48% used [0x0a750000, 0x0ac7ecf0, 0x0ac7ee00, 0x0b200000)
 Metaspace       used 3117K, capacity 5051K, committed 5120K, reserved 5504K
}
Event: 49.051 GC heap before
{Heap before GC invocations=30 (full 0):
 def new generation   total 4992K, used 4559K [0x05200000, 0x05760000, 0x0a750000)
  eden space 4480K, 100% used [0x05200000, 0x05660000, 0x05660000)
  from space 512K,  15% used [0x05660000, 0x05673d78, 0x056e0000)
  to   space 512K,   0% used [0x056e0000, 0x056e0000, 0x05760000)
 tenured generation   total 10944K, used 5307K [0x0a750000, 0x0b200000, 0x15200000)
   the space 10944K,  48% used [0x0a750000, 0x0ac7ecf0, 0x0ac7ee00, 0x0b200000)
 Metaspace       used 3117K, capacity 5051K, committed 5120K, reserved 5504K
Event: 49.055 GC heap after
Heap after GC invocations=31 (full 0):
 def new generation   total 4992K, used 79K [0x05200000, 0x05760000, 0x0a750000)
  eden space 4480K,   0% used [0x05200000, 0x05200000, 0x05660000)
  from space 512K,  15% used [0x056e0000, 0x056f3ef0, 0x05760000)
  to   space 512K,   0% used [0x05660000, 0x05660000, 0x056e0000)
 tenured generation   total 10944K, used 5307K [0x0a750000, 0x0b200000, 0x15200000)
   the space 10944K,  48% used [0x0a750000, 0x0ac7ecf0, 0x0ac7ee00, 0x0b200000)
 Metaspace       used 3117K, capacity 5051K, committed 5120K, reserved 5504K
}
Event: 60.416 GC heap before
{Heap before GC invocations=31 (full 0):
 def new generation   total 4992K, used 4559K [0x05200000, 0x05760000, 0x0a750000)
  eden space 4480K, 100% used [0x05200000, 0x05660000, 0x05660000)
  from space 512K,  15% used [0x056e0000, 0x056f3ef0, 0x05760000)
  to   space 512K,   0% used [0x05660000, 0x05660000, 0x056e0000)
 tenured generation   total 10944K, used 5307K [0x0a750000, 0x0b200000, 0x15200000)
   the space 10944K,  48% used [0x0a750000, 0x0ac7ecf0, 0x0ac7ee00, 0x0b200000)
 Metaspace       used 3121K, capacity 5051K, committed 5120K, reserved 5504K
Event: 60.416 GC heap after
Heap after GC invocations=32 (full 0):
 def new generation   total 4992K, used 192K [0x05200000, 0x05760000, 0x0a750000)
  eden space 4480K,   0% used [0x05200000, 0x05200000, 0x05660000)
  from space 512K,  37% used [0x05660000, 0x056903b0, 0x056e0000)
  to   space 512K,   0% used [0x056e0000, 0x056e0000, 0x05760000)
 tenured generation   total 10944K, used 5307K [0x0a750000, 0x0b200000, 0x15200000)
   the space 10944K,  48% used [0x0a750000, 0x0ac7ecf0, 0x0ac7ee00, 0x0b200000)
 Metaspace       used 3121K, capacity 5051K, committed 5120K, reserved 5504K
}
Event: 67.317 GC heap before
{Heap before GC invocations=32 (full 0):
 def new generation   total 4992K, used 4672K [0x05200000, 0x05760000, 0x0a750000)
  eden space 4480K, 100% used [0x05200000, 0x05660000, 0x05660000)
  from space 512K,  37% used [0x05660000, 0x056903b0, 0x056e0000)
  to   space 512K,   0% used [0x056e0000, 0x056e0000, 0x05760000)
 tenured generation   total 10944K, used 5307K [0x0a750000, 0x0b200000, 0x15200000)
   the space 10944K,  48% used [0x0a750000, 0x0ac7ecf0, 0x0ac7ee00, 0x0b200000)
 Metaspace       used 3121K, capacity 5051K, committed 5120K, reserved 5504K
Event: 67.325 GC heap after
Heap after GC invocations=33 (full 0):
 def new generation   total 4992K, used 191K [0x05200000, 0x05760000, 0x0a750000)
  eden space 4480K,   0% used [0x05200000, 0x05200000, 0x05660000)
  from space 512K,  37% used [0x056e0000, 0x0570fc98, 0x05760000)
  to   space 512K,   0% used [0x05660000, 0x05660000, 0x056e0000)
 tenured generation   total 10944K, used 5307K [0x0a750000, 0x0b200000, 0x15200000)
   the space 10944K,  48% used [0x0a750000, 0x0ac7ecf0, 0x0ac7ee00, 0x0b200000)
 Metaspace       used 3121K, capacity 5051K, committed 5120K, reserved 5504K
}

