# JRE version: Java(TM) SE Runtime Environment (8.0) (build 1.8.0_391-b13)
# Java VM: Java HotSpot(TM) Client VM (25.391-b13 mixed mode, sharing windows-x86 )
Heap:
 def new generation   total 4928K, used 510K [0x04400000, 0x04950000, 0x09950000)
  eden space 4416K,  11% used [0x04400000, 0x0447dc70, 0x04850000)
  from space 512K,   1% used [0x04850000, 0x04851c40, 0x048d0000)
  to   space 512K,   0% used [0x048d0000, 0x048d0000, 0x04950000)
 tenured generation   total 10944K, used 5488K [0x09950000, 0x0a400000, 0x14400000)
   the space 10944K,  50% used [0x09950000, 0x09eac380, 0x09eac400, 0x0a400000)
 Metaspace       used 3131K, capacity 5053K, committed 5120K, reserved 5504K
GC Heap History (10 events):
Event: 10971.673 GC heap before
{Heap before GC invocations=787 (full 0):
 def new generation   total 4928K, used 4419K [0x04400000, 0x04950000, 0x09950000)
  eden space 4416K, 100% used [0x04400000, 0x04850000, 0x04850000)
  from space 512K,   0% used [0x048d0000, 0x048d0cc8, 0x04950000)
  to   space 512K,   0% used [0x04850000, 0x04850000, 0x048d0000)
 tenured generation   total 10944K, used 5488K [0x09950000, 0x0a400000, 0x14400000)
   the space 10944K,  50% used [0x09950000, 0x09eac380, 0x09eac400, 0x0a400000)
 Metaspace       used 3130K, capacity 5053K, committed 5120K, reserved 5504K
Event: 10971.674 GC heap after
Heap after GC invocations=788 (full 0):
 def new generation   total 4928K, used 3K [0x04400000, 0x04950000, 0x09950000)
  eden space 4416K,   0% used [0x04400000, 0x04400000, 0x04850000)
  from space 512K,   0% used [0x04850000, 0x04850dd8, 0x048d0000)
  to   space 512K,   0% used [0x048d0000, 0x048d0000, 0x04950000)
 tenured generation   total 10944K, used 5488K [0x09950000, 0x0a400000, 0x14400000)
   the space 10944K,  50% used [0x09950000, 0x09eac380, 0x09eac400, 0x0a400000)
 Metaspace       used 3130K, capacity 5053K, committed 5120K, reserved 5504K
}
Event: 10986.379 GC heap before
{Heap before GC invocations=788 (full 0):
 def new generation   total 4928K, used 4419K [0x04400000, 0x04950000, 0x09950000)
  eden space 4416K, 100% used [0x04400000, 0x04850000, 0x04850000)
  from space 512K,   0% used [0x04850000, 0x04850dd8, 0x048d0000)
  to   space 512K,   0% used [0x048d0000, 0x048d0000, 0x04950000)
 tenured generation   total 10944K, used 5488K [0x09950000, 0x0a400000, 0x14400000)
   the space 10944K,  50% used [0x09950000, 0x09eac380, 0x09eac400, 0x0a400000)
 Metaspace       used 3130K, capacity 5053K, committed 5120K, reserved 5504K
Event: 10986.380 GC heap after
Heap after GC invocations=789 (full 0):
 def new generation   total 4928K, used 2K [0x04400000, 0x04950000, 0x09950000)
  eden space 4416K,   0% used [0x04400000, 0x04400000, 0x04850000)
  from space 512K,   0% used [0x048d0000, 0x048d0ab0, 0x04950000)
  to   space 512K,   0% used [0x04850000, 0x04850000, 0x048d0000)
 tenured generation   total 10944K, used 5488K [0x09950000, 0x0a400000, 0x14400000)
   the space 10944K,  50% used [0x09950000, 0x09eac380, 0x09eac400, 0x0a400000)
 Metaspace       used 3130K, capacity 5053K, committed 5120K, reserved 5504K
}
Event: 11001.834 GC heap before
{Heap before GC invocations=789 (full 0):
 def new generation   total 4928K, used 4418K [0x04400000, 0x04950000, 0x09950000)
  eden space 4416K, 100% used [0x04400000, 0x04850000, 0x04850000)
  from space 512K,   0% used [0x048d0000, 0x048d0ab0, 0x04950000)
  to   space 512K,   0% used [0x04850000, 0x04850000, 0x048d0000)
 tenured generation   total 10944K, used 5488K [0x09950000, 0x0a400000, 0x14400000)
   the space 10944K,  50% used [0x09950000, 0x09eac380, 0x09eac400, 0x0a400000)
 Metaspace       used 3130K, capacity 5053K, committed 5120K, reserved 5504K
Event: 11001.836 GC heap after
Heap after GC invocations=790 (full 0):
 def new generation   total 4928K, used 4K [0x04400000, 0x04950000, 0x09950000)
  eden space 4416K,   0% used [0x04400000, 0x04400000, 0x04850000)
  from space 512K,   0% used [0x04850000, 0x04851128, 0x048d0000)
  to   space 512K,   0% used [0x048d0000, 0x048d0000, 0x04950000)
 tenured generation   total 10944K, used 5488K [0x09950000, 0x0a400000, 0x14400000)
   the space 10944K,  50% used [0x09950000, 0x09eac380, 0x09eac400, 0x0a400000)
 Metaspace       used 3130K, capacity 5053K, committed 5120K, reserved 5504K
}
Event: 11016.690 GC heap before
{Heap before GC invocations=790 (full 0):
 def new generation   total 4928K, used 4420K [0x04400000, 0x04950000, 0x09950000)
  eden space 4416K, 100% used [0x04400000, 0x04850000, 0x04850000)
  from space 512K,   0% used [0x04850000, 0x04851128, 0x048d0000)
  to   space 512K,   0% used [0x048d0000, 0x048d0000, 0x04950000)
 tenured generation   total 10944K, used 5488K [0x09950000, 0x0a400000, 0x14400000)
   the space 10944K,  50% used [0x09950000, 0x09eac380, 0x09eac400, 0x0a400000)
 Metaspace       used 3130K, capacity 5053K, committed 5120K, reserved 5504K
Event: 11016.691 GC heap after
Heap after GC invocations=791 (full 0):
 def new generation   total 4928K, used 4K [0x04400000, 0x04950000, 0x09950000)
  eden space 4416K,   0% used [0x04400000, 0x04400000, 0x04850000)
  from space 512K,   0% used [0x048d0000, 0x048d1230, 0x04950000)
  to   space 512K,   0% used [0x04850000, 0x04850000, 0x048d0000)
 tenured generation   total 10944K, used 5488K [0x09950000, 0x0a400000, 0x14400000)
   the space 10944K,  50% used [0x09950000, 0x09eac380, 0x09eac400, 0x0a400000)
 Metaspace       used 3130K, capacity 5053K, committed 5120K, reserved 5504K
}
Event: 27093.512 GC heap before
{Heap before GC invocations=791 (full 0):
 def new generation   total 4928K, used 4420K [0x04400000, 0x04950000, 0x09950000)
  eden space 4416K, 100% used [0x04400000, 0x04850000, 0x04850000)
  from space 512K,   0% used [0x048d0000, 0x048d1230, 0x04950000)
  to   space 512K,   0% used [0x04850000, 0x04850000, 0x048d0000)
 tenured generation   total 10944K, used 5488K [0x09950000, 0x0a400000, 0x14400000)
   the space 10944K,  50% used [0x09950000, 0x09eac380, 0x09eac400, 0x0a400000)
 Metaspace       used 3130K, capacity 5053K, committed 5120K, reserved 5504K
Event: 27093.517 GC heap after
Heap after GC invocations=792 (full 0):
 def new generation   total 4928K, used 7K [0x04400000, 0x04950000, 0x09950000)
  eden space 4416K,   0% used [0x04400000, 0x04400000, 0x04850000)
  from space 512K,   1% used [0x04850000, 0x04851c40, 0x048d0000)
  to   space 512K,   0% used [0x048d0000, 0x048d0000, 0x04950000)
 tenured generation   total 10944K, used 5488K [0x09950000, 0x0a400000, 0x14400000)
   the space 10944K,  50% used [0x09950000, 0x09eac380, 0x09eac400, 0x0a400000)
 Metaspace       used 3130K, capacity 5053K, committed 5120K, reserved 5504K
}

